<?xml version="1.0" encoding="UTF-8"?>
<testng-results skipped="0" failed="0" ignored="0" total="1" passed="1">
  <reporter-output>
  </reporter-output>
  <suite name="Suite" duration-ms="12210" started-at="2019-08-27T11:51:24Z" finished-at="2019-08-27T11:51:37Z">
    <groups>
    </groups>
    <test name="Test" duration-ms="12210" started-at="2019-08-27T11:51:24Z" finished-at="2019-08-27T11:51:37Z">
      <class name="FirstOne.FirstClass">
        <test-method status="PASS" signature="method()[pri:0, instance:FirstOne.FirstClass@5ebec15]" name="method" duration-ms="12130" started-at="2019-08-27T11:51:24Z" finished-at="2019-08-27T11:51:37Z">
          <reporter-output>
          </reporter-output>
        </test-method> <!-- method -->
      </class> <!-- FirstOne.FirstClass -->
    </test> <!-- Test -->
  </suite> <!-- Suite -->
</testng-results>
