<?xml version="1.0" encoding="UTF-8"?>
<testng-results skipped="0" failed="0" ignored="0" total="1" passed="1">
  <reporter-output>
  </reporter-output>
  <suite name="Suite" duration-ms="17558" started-at="2019-08-27T08:35:25Z" finished-at="2019-08-27T08:35:42Z">
    <groups>
    </groups>
    <test name="Test" duration-ms="17558" started-at="2019-08-27T08:35:25Z" finished-at="2019-08-27T08:35:42Z">
      <class name="FirstOne.FirstClass">
        <test-method status="PASS" signature="method()[pri:0, instance:FirstOne.FirstClass@21bcffb5]" name="method" duration-ms="17463" started-at="2019-08-27T08:35:25Z" finished-at="2019-08-27T08:35:42Z">
          <reporter-output>
          </reporter-output>
        </test-method> <!-- method -->
      </class> <!-- FirstOne.FirstClass -->
    </test> <!-- Test -->
  </suite> <!-- Suite -->
</testng-results>
